<?xml version="1.0" encoding="UTF-8"?>
<!-- Generated by org.testng.reporters.JUnitReportReporter -->
<testsuite hostname="DESKTOP-HB5T66P" failures="0" tests="4" name="logintest.LoginTest" time="71.089" errors="0" timestamp="2024-08-04T22:54:51 IST" skipped="0">
  <testcase classname="logintest.LoginTest" name="successfulLogin" time="21.715"/>
  <testcase classname="logintest.LoginTest" name="invalidCredentials" time="16.491"/>
  <testcase classname="logintest.LoginTest" name="emptyCredentials" time="17.106"/>
  <testcase classname="logintest.LoginTest" name="emailFormatValidation" time="15.777"/>
</testsuite> <!-- logintest.LoginTest -->
